  Source.cpp
C:\Users\rodri\Documents\examenPrimerParcial\examenPrimerParcial\Source.cpp(65,68): warning C4244: '=': conversión de 'double' a '_Tp'; posible pérdida de datos
          with
          [
              _Tp=float
          ]
C:\Users\rodri\Documents\examenPrimerParcial\examenPrimerParcial\Source.cpp(79,62): warning C4244: '=': conversión de 'double' a '_Tp'; posible pérdida de datos
          with
          [
              _Tp=float
          ]
C:\Users\rodri\Documents\examenPrimerParcial\examenPrimerParcial\Source.cpp(154,38): warning C4244: '=': conversión de 'float' a '_Tp'; posible pérdida de datos
          with
          [
              _Tp=uchar
          ]
C:\Users\rodri\Documents\examenPrimerParcial\examenPrimerParcial\Source.cpp(231,32): warning C4244: '=': conversión de 'double' a '_Tp'; posible pérdida de datos
          with
          [
              _Tp=uchar
          ]
C:\Users\rodri\Documents\examenPrimerParcial\examenPrimerParcial\Source.cpp(325,13): warning C4804: '<=': uso no seguro del tipo 'bool' en la operación
C:\Users\rodri\Documents\examenPrimerParcial\examenPrimerParcial\Source.cpp(325,53): warning C4804: '<': uso no seguro del tipo 'bool' en la operación
C:\Users\rodri\Documents\examenPrimerParcial\examenPrimerParcial\Source.cpp(329,12): warning C4804: '<': uso no seguro del tipo 'bool' en la operación
C:\Users\rodri\Documents\examenPrimerParcial\examenPrimerParcial\Source.cpp(333,11): warning C4804: '<': uso no seguro del tipo 'bool' en la operación
C:\Users\rodri\Documents\examenPrimerParcial\examenPrimerParcial\Source.cpp(337,11): warning C4804: '<': uso no seguro del tipo 'bool' en la operación
C:\Users\rodri\Documents\examenPrimerParcial\examenPrimerParcial\Source.cpp(368,41): warning C4244: '=': conversión de 'float' a '_Tp'; posible pérdida de datos
          with
          [
              _Tp=uchar
          ]
C:\Users\rodri\Documents\examenPrimerParcial\examenPrimerParcial\Source.cpp(391,127): warning C4244: '=': conversión de 'double' a '_Tp'; posible pérdida de datos
          with
          [
              _Tp=uchar
          ]
  Generando código
  Previous IPDB and IOBJ mismatch, fall back to full compilation.
  All 97 functions were compiled because no usable IPDB/IOBJ from previous compilation was found.
  Generación de código finalizada
  examenPrimerParcial.vcxproj -> C:\Users\rodri\Documents\examenPrimerParcial\x64\Release\examenPrimerParcial.exe
